<?xml version="1.0" encoding="UTF-8"?>
<testng-results ignored="0" total="4" passed="4" failed="0" skipped="0">
  <reporter-output>
  </reporter-output>
  <suite started-at="2023-02-08T07:28:02 IST" name="Default suite" finished-at="2023-02-08T07:28:20 IST" duration-ms="17819">
    <groups>
    </groups>
    <test started-at="2023-02-08T07:28:02 IST" name="Default test" finished-at="2023-02-08T07:28:20 IST" duration-ms="17819">
      <class name="Test.LoginTest">
        <test-method is-config="true" signature="initbrowser()[pri:0, instance:Test.LoginTest@290222c1]" started-at="2023-02-08T07:28:02 IST" name="initbrowser" finished-at="2023-02-08T07:28:16 IST" duration-ms="14026" status="PASS">
          <reporter-output>
          </reporter-output>
        </test-method> <!-- initbrowser -->
        <test-method is-config="true" signature="pageObjects()[pri:0, instance:Test.LoginTest@290222c1]" started-at="2023-02-08T07:28:16 IST" name="pageObjects" finished-at="2023-02-08T07:28:16 IST" duration-ms="80" status="PASS">
          <reporter-output>
          </reporter-output>
        </test-method> <!-- pageObjects -->
        <test-method signature="verifyTitle()[pri:1, instance:Test.LoginTest@290222c1]" started-at="2023-02-08T07:28:16 IST" name="verifyTitle" finished-at="2023-02-08T07:28:16 IST" duration-ms="55" status="PASS">
          <reporter-output>
          </reporter-output>
        </test-method> <!-- verifyTitle -->
        <test-method signature="verifyUrl()[pri:2, instance:Test.LoginTest@290222c1]" started-at="2023-02-08T07:28:16 IST" name="verifyUrl" finished-at="2023-02-08T07:28:16 IST" duration-ms="28" status="PASS">
          <reporter-output>
          </reporter-output>
        </test-method> <!-- verifyUrl -->
        <test-method signature="verifytext()[pri:3, instance:Test.LoginTest@290222c1]" started-at="2023-02-08T07:28:16 IST" name="verifytext" finished-at="2023-02-08T07:28:16 IST" duration-ms="350" status="PASS">
          <reporter-output>
          </reporter-output>
        </test-method> <!-- verifytext -->
        <test-method signature="VerifyLoginWithCorrectCredentials()[pri:4, instance:Test.LoginTest@290222c1]" started-at="2023-02-08T07:28:17 IST" name="VerifyLoginWithCorrectCredentials" finished-at="2023-02-08T07:28:19 IST" duration-ms="2270" status="PASS">
          <reporter-output>
          </reporter-output>
        </test-method> <!-- VerifyLoginWithCorrectCredentials -->
        <test-method is-config="true" signature="tearDownEnviroment()[pri:0, instance:Test.LoginTest@290222c1]" started-at="2023-02-08T07:28:19 IST" name="tearDownEnviroment" finished-at="2023-02-08T07:28:20 IST" duration-ms="933" status="PASS">
          <reporter-output>
          </reporter-output>
        </test-method> <!-- tearDownEnviroment -->
      </class> <!-- Test.LoginTest -->
    </test> <!-- Default test -->
  </suite> <!-- Default suite -->
</testng-results>
