<?xml version="1.0" encoding="UTF-8"?>
<!-- Generated by org.testng.reporters.JUnitXMLReporter -->
<testsuite ignored="0" hostname="DESKTOP-K0PH13D" failures="0" tests="4" name="Default test" time="17.819" errors="0" timestamp="2023-02-08T07:28:20 IST">
  <testcase classname="Test.LoginTest" name="verifyTitle" time="0.055"/>
  <testcase classname="Test.LoginTest" name="verifyUrl" time="0.028"/>
  <testcase classname="Test.LoginTest" name="verifytext" time="0.35"/>
  <testcase classname="Test.LoginTest" name="VerifyLoginWithCorrectCredentials" time="2.27"/>
</testsuite> <!-- Default test -->
