<?xml version="1.0" encoding="UTF-8"?>
<!-- Generated by org.testng.reporters.JUnitXMLReporter -->
<testsuite ignored="0" hostname="DESKTOP-K0PH13D" failures="0" tests="4" name="Test" time="11.183" errors="0" timestamp="2023-02-06T17:21:43 IST">
  <testcase classname="Test.LoginTest" name="verifyTitle" time="0.179"/>
  <testcase classname="Test.LoginTest" name="verifyUrl" time="0.012"/>
  <testcase classname="Test.LoginTest" name="verifytext" time="0.048"/>
  <testcase classname="Test.LoginTest" name="VerifyLoginWithCorrectCredentials" time="2.056"/>
</testsuite> <!-- Test -->
